# JRE version: OpenJDK Runtime Environment (7.0_121) (build 1.7.0_121-b00)
# Java VM: OpenJDK 64-Bit Server VM (24.121-b00 mixed mode linux-amd64 compressed oops)
Heap
 PSYoungGen      total 37376K, used 6940K [0x00000007d6e80000, 0x00000007d9800000, 0x0000000800000000)
  eden space 32256K, 5% used [0x00000007d6e80000,0x00000007d7048d20,0x00000007d8e00000)
  from space 5120K, 99% used [0x00000007d9300000,0x00000007d97fe550,0x00000007d9800000)
  to   space 5120K, 0% used [0x00000007d8e00000,0x00000007d8e00000,0x00000007d9300000)
 ParOldGen       total 83968K, used 3610K [0x0000000784c00000, 0x0000000789e00000, 0x00000007d6e80000)
  object space 83968K, 4% used [0x0000000784c00000,0x0000000784f86a98,0x0000000789e00000)
 PSPermGen       total 22528K, used 22492K [0x000000077a600000, 0x000000077bc00000, 0x0000000784c00000)
  object space 22528K, 99% used [0x000000077a600000,0x000000077bbf70c0,0x000000077bc00000)
GC Heap History (8 events):
Event: 2.754 GC heap before
{Heap before GC invocations=1 (full 0):
 PSYoungGen      total 37376K, used 32256K [0x00000007d6e80000, 0x00000007d9800000, 0x0000000800000000)
  eden space 32256K, 100% used [0x00000007d6e80000,0x00000007d8e00000,0x00000007d8e00000)
  from space 5120K, 0% used [0x00000007d9300000,0x00000007d9300000,0x00000007d9800000)
  to   space 5120K, 0% used [0x00000007d8e00000,0x00000007d8e00000,0x00000007d9300000)
 ParOldGen       total 83968K, used 0K [0x0000000784c00000, 0x0000000789e00000, 0x00000007d6e80000)
  object space 83968K, 0% used [0x0000000784c00000,0x0000000784c00000,0x0000000789e00000)
 PSPermGen       total 21504K, used 16499K [0x000000077a600000, 0x000000077bb00000, 0x0000000784c00000)
  object space 21504K, 76% used [0x000000077a600000,0x000000077b61cf98,0x000000077bb00000)
Event: 2.761 GC heap after
Heap after GC invocations=1 (full 0):
 PSYoungGen      total 37376K, used 5107K [0x00000007d6e80000, 0x00000007d9800000, 0x0000000800000000)
  eden space 32256K, 0% used [0x00000007d6e80000,0x00000007d6e80000,0x00000007d8e00000)
  from space 5120K, 99% used [0x00000007d8e00000,0x00000007d92fcdd8,0x00000007d9300000)
  to   space 5120K, 0% used [0x00000007d9300000,0x00000007d9300000,0x00000007d9800000)
 ParOldGen       total 83968K, used 172K [0x0000000784c00000, 0x0000000789e00000, 0x00000007d6e80000)
  object space 83968K, 0% used [0x0000000784c00000,0x0000000784c2b3d0,0x0000000789e00000)
 PSPermGen       total 21504K, used 16499K [0x000000077a600000, 0x000000077bb00000, 0x0000000784c00000)
  object space 21504K, 76% used [0x000000077a600000,0x000000077b61cf98,0x000000077bb00000)
}
Event: 8.105 GC heap before
{Heap before GC invocations=2 (full 0):
 PSYoungGen      total 37376K, used 37363K [0x00000007d6e80000, 0x00000007d9800000, 0x0000000800000000)
  eden space 32256K, 100% used [0x00000007d6e80000,0x00000007d8e00000,0x00000007d8e00000)
  from space 5120K, 99% used [0x00000007d8e00000,0x00000007d92fcdd8,0x00000007d9300000)
  to   space 5120K, 0% used [0x00000007d9300000,0x00000007d9300000,0x00000007d9800000)
 ParOldGen       total 83968K, used 172K [0x0000000784c00000, 0x0000000789e00000, 0x00000007d6e80000)
  object space 83968K, 0% used [0x0000000784c00000,0x0000000784c2b3d0,0x0000000789e00000)
 PSPermGen       total 21504K, used 19137K [0x000000077a600000, 0x000000077bb00000, 0x0000000784c00000)
  object space 21504K, 88% used [0x000000077a600000,0x000000077b8b0438,0x000000077bb00000)
Event: 8.112 GC heap after
Heap after GC invocations=2 (full 0):
 PSYoungGen      total 37376K, used 5088K [0x00000007d6e80000, 0x00000007d9800000, 0x0000000800000000)
  eden space 32256K, 0% used [0x00000007d6e80000,0x00000007d6e80000,0x00000007d8e00000)
  from space 5120K, 99% used [0x00000007d9300000,0x00000007d97f8280,0x00000007d9800000)
  to   space 5120K, 0% used [0x00000007d8e00000,0x00000007d8e00000,0x00000007d9300000)
 ParOldGen       total 83968K, used 596K [0x0000000784c00000, 0x0000000789e00000, 0x00000007d6e80000)
  object space 83968K, 0% used [0x0000000784c00000,0x0000000784c95170,0x0000000789e00000)
 PSPermGen       total 21504K, used 19137K [0x000000077a600000, 0x000000077bb00000, 0x0000000784c00000)
  object space 21504K, 88% used [0x000000077a600000,0x000000077b8b0438,0x000000077bb00000)
}
Event: 13.359 GC heap before
{Heap before GC invocations=3 (full 0):
 PSYoungGen      total 37376K, used 37344K [0x00000007d6e80000, 0x00000007d9800000, 0x0000000800000000)
  eden space 32256K, 100% used [0x00000007d6e80000,0x00000007d8e00000,0x00000007d8e00000)
  from space 5120K, 99% used [0x00000007d9300000,0x00000007d97f8280,0x00000007d9800000)
  to   space 5120K, 0% used [0x00000007d8e00000,0x00000007d8e00000,0x00000007d9300000)
 ParOldGen       total 83968K, used 596K [0x0000000784c00000, 0x0000000789e00000, 0x00000007d6e80000)
  object space 83968K, 0% used [0x0000000784c00000,0x0000000784c95170,0x0000000789e00000)
 PSPermGen       total 21504K, used 19858K [0x000000077a600000, 0x000000077bb00000, 0x0000000784c00000)
  object space 21504K, 92% used [0x000000077a600000,0x000000077b964a20,0x000000077bb00000)
Event: 13.365 GC heap after
Heap after GC invocations=3 (full 0):
 PSYoungGen      total 37376K, used 5090K [0x00000007d6e80000, 0x00000007d9800000, 0x0000000800000000)
  eden space 32256K, 0% used [0x00000007d6e80000,0x00000007d6e80000,0x00000007d8e00000)
  from space 5120K, 99% used [0x00000007d8e00000,0x00000007d92f8910,0x00000007d9300000)
  to   space 5120K, 0% used [0x00000007d9300000,0x00000007d9300000,0x00000007d9800000)
 ParOldGen       total 83968K, used 1203K [0x0000000784c00000, 0x0000000789e00000, 0x00000007d6e80000)
  object space 83968K, 1% used [0x0000000784c00000,0x0000000784d2cf30,0x0000000789e00000)
 PSPermGen       total 21504K, used 19858K [0x000000077a600000, 0x000000077bb00000, 0x0000000784c00000)
  object space 21504K, 92% used [0x000000077a600000,0x000000077b964a20,0x000000077bb00000)
}
Event: 2696.988 GC heap before
{Heap before GC invocations=4 (full 0):
 PSYoungGen      total 37376K, used 37346K [0x00000007d6e80000, 0x00000007d9800000, 0x0000000800000000)
  eden space 32256K, 100% used [0x00000007d6e80000,0x00000007d8e00000,0x00000007d8e00000)
  from space 5120K, 99% used [0x00000007d8e00000,0x00000007d92f8910,0x00000007d9300000)
  to   space 5120K, 0% used [0x00000007d9300000,0x00000007d9300000,0x00000007d9800000)
 ParOldGen       total 83968K, used 1203K [0x0000000784c00000, 0x0000000789e00000, 0x00000007d6e80000)
  object space 83968K, 1% used [0x0000000784c00000,0x0000000784d2cf30,0x0000000789e00000)
 PSPermGen       total 22528K, used 22478K [0x000000077a600000, 0x000000077bc00000, 0x0000000784c00000)
  object space 22528K, 99% used [0x000000077a600000,0x000000077bbf3a78,0x000000077bc00000)
Event: 2696.999 GC heap after
Heap after GC invocations=4 (full 0):
 PSYoungGen      total 37376K, used 5113K [0x00000007d6e80000, 0x00000007d9800000, 0x0000000800000000)
  eden space 32256K, 0% used [0x00000007d6e80000,0x00000007d6e80000,0x00000007d8e00000)
  from space 5120K, 99% used [0x00000007d9300000,0x00000007d97fe550,0x00000007d9800000)
  to   space 5120K, 0% used [0x00000007d8e00000,0x00000007d8e00000,0x00000007d9300000)
 ParOldGen       total 83968K, used 3610K [0x0000000784c00000, 0x0000000789e00000, 0x00000007d6e80000)
  object space 83968K, 4% used [0x0000000784c00000,0x0000000784f86a98,0x0000000789e00000)
 PSPermGen       total 22528K, used 22478K [0x000000077a600000, 0x000000077bc00000, 0x0000000784c00000)
  object space 22528K, 99% used [0x000000077a600000,0x000000077bbf3a78,0x000000077bc00000)
}

